+ '[' -z '' ']'
+ case "$-" in
+ __lmod_vx=x
+ '[' -n x ']'
+ set +x
Shell debugging temporarily silenced: export LMOD_SH_DBG_ON=1 for this output (/usr/share/lmod/lmod/init/bash)
Shell debugging restarted
+ unset __lmod_vx
+ TOY_SCRIPT=toy_data_generation.py
+ HIBEAM_SCRIPT=HIBEAM_GNN_v1.py
+ GPU_ID=
+ ENV_NAME=hibeam_env
+ ENV_PATH=/home/bmeirose42/.conda/envs/hibeam_env
+ PIP_CACHE=/home/bmeirose42/pip_cache
+ log 'Loading Anaconda module...'
+ printf '\033[1;34m[INFO]\033[0m %s\n' 'Loading Anaconda module...'
[1;34m[INFO][0m Loading Anaconda module...
+ module load Anaconda3/2024.02-1
+ '[' -z '' ']'
+ case "$-" in
+ __lmod_sh_dbg=x
+ '[' -n x ']'
+ set +x
Shell debugging temporarily silenced: export LMOD_SH_DBG_ON=1 for Lmod's output
Shell debugging restarted
+ unset __lmod_sh_dbg
+ return 0
++ conda info --base
++ local cmd=info
++ case "$cmd" in
++ __conda_exe info --base
++ /sw/easybuild_milan/software/Anaconda3/2024.02-1/bin/conda info --base
+ source /sw/easybuild_milan/software/Anaconda3/2024.02-1/etc/profile.d/conda.sh
++ export CONDA_EXE=/sw/easybuild_milan/software/Anaconda3/2024.02-1/bin/conda
++ CONDA_EXE=/sw/easybuild_milan/software/Anaconda3/2024.02-1/bin/conda
++ export _CE_M=
++ _CE_M=
++ export _CE_CONDA=
++ _CE_CONDA=
++ export CONDA_PYTHON_EXE=/sw/easybuild_milan/software/Anaconda3/2024.02-1/bin/python
++ CONDA_PYTHON_EXE=/sw/easybuild_milan/software/Anaconda3/2024.02-1/bin/python
++ '[' -z x ']'
+ mkdir -p /home/bmeirose42/pip_cache
+ export PIP_CACHE_DIR=/home/bmeirose42/pip_cache
+ PIP_CACHE_DIR=/home/bmeirose42/pip_cache
+ conda env list
+ local cmd=env
+ case "$cmd" in
+ __conda_exe env list
+ grep -q hibeam_env
+ /sw/easybuild_milan/software/Anaconda3/2024.02-1/bin/conda env list
+ log 'Reusing existing environment hibeam_env...'
+ printf '\033[1;34m[INFO]\033[0m %s\n' 'Reusing existing environment hibeam_env...'
[1;34m[INFO][0m Reusing existing environment hibeam_env...
+ conda activate hibeam_env
+ local cmd=activate
+ case "$cmd" in
+ __conda_activate activate hibeam_env
+ '[' -n '' ']'
+ local ask_conda
++ PS1=
++ __conda_exe shell.posix activate hibeam_env
++ /sw/easybuild_milan/software/Anaconda3/2024.02-1/bin/conda shell.posix activate hibeam_env
+ ask_conda='PS1='\''(hibeam_env) '\''
export PATH='\''/home/bmeirose42/.conda/envs/hibeam_env/bin:/sw/easybuild_milan/software/Anaconda3/2024.02-1/condabin:/sw/easybuild_milan/software/Anaconda3/2024.02-1:/sw/easybuild_milan/software/Anaconda3/2024.02-1/sbin:/sw/easybuild_milan/software/Anaconda3/2024.02-1/bin:/sw/pkg/gfxlauncher:/bin:/usr/bin:/opt/thinlinc/bin:/usr/local/bin:/usr/bin/X11:/sbin:/usr/sbin:/usr/local/sbin:/home/bmeirose42/bin:.:/sw/pkg/lunarc/bin:/sw/pkg/slurm/local/bin:/opt/thinlinc/sbin'\''
export CONDA_PREFIX='\''/home/bmeirose42/.conda/envs/hibeam_env'\''
export CONDA_SHLVL='\''1'\''
export CONDA_DEFAULT_ENV='\''hibeam_env'\''
export CONDA_PROMPT_MODIFIER='\''(hibeam_env) '\''
export CONDA_EXE='\''/sw/easybuild_milan/software/Anaconda3/2024.02-1/bin/conda'\''
export _CE_M='\'''\''
export _CE_CONDA='\'''\''
export CONDA_PYTHON_EXE='\''/sw/easybuild_milan/software/Anaconda3/2024.02-1/bin/python'\''
. "/home/bmeirose42/.conda/envs/hibeam_env/etc/conda/activate.d/libarrow_activate.sh"
. "/home/bmeirose42/.conda/envs/hibeam_env/etc/conda/activate.d/libblas_mkl_activate.sh"
. "/home/bmeirose42/.conda/envs/hibeam_env/etc/conda/activate.d/libglib_activate.sh"
. "/home/bmeirose42/.conda/envs/hibeam_env/etc/conda/activate.d/libxml2_activate.sh"'
+ eval 'PS1='\''(hibeam_env) '\''
export PATH='\''/home/bmeirose42/.conda/envs/hibeam_env/bin:/sw/easybuild_milan/software/Anaconda3/2024.02-1/condabin:/sw/easybuild_milan/software/Anaconda3/2024.02-1:/sw/easybuild_milan/software/Anaconda3/2024.02-1/sbin:/sw/easybuild_milan/software/Anaconda3/2024.02-1/bin:/sw/pkg/gfxlauncher:/bin:/usr/bin:/opt/thinlinc/bin:/usr/local/bin:/usr/bin/X11:/sbin:/usr/sbin:/usr/local/sbin:/home/bmeirose42/bin:.:/sw/pkg/lunarc/bin:/sw/pkg/slurm/local/bin:/opt/thinlinc/sbin'\''
export CONDA_PREFIX='\''/home/bmeirose42/.conda/envs/hibeam_env'\''
export CONDA_SHLVL='\''1'\''
export CONDA_DEFAULT_ENV='\''hibeam_env'\''
export CONDA_PROMPT_MODIFIER='\''(hibeam_env) '\''
export CONDA_EXE='\''/sw/easybuild_milan/software/Anaconda3/2024.02-1/bin/conda'\''
export _CE_M='\'''\''
export _CE_CONDA='\'''\''
export CONDA_PYTHON_EXE='\''/sw/easybuild_milan/software/Anaconda3/2024.02-1/bin/python'\''
. "/home/bmeirose42/.conda/envs/hibeam_env/etc/conda/activate.d/libarrow_activate.sh"
. "/home/bmeirose42/.conda/envs/hibeam_env/etc/conda/activate.d/libblas_mkl_activate.sh"
. "/home/bmeirose42/.conda/envs/hibeam_env/etc/conda/activate.d/libglib_activate.sh"
. "/home/bmeirose42/.conda/envs/hibeam_env/etc/conda/activate.d/libxml2_activate.sh"'
++ PS1='(hibeam_env) '
++ export PATH=/home/bmeirose42/.conda/envs/hibeam_env/bin:/sw/easybuild_milan/software/Anaconda3/2024.02-1/condabin:/sw/easybuild_milan/software/Anaconda3/2024.02-1:/sw/easybuild_milan/software/Anaconda3/2024.02-1/sbin:/sw/easybuild_milan/software/Anaconda3/2024.02-1/bin:/sw/pkg/gfxlauncher:/bin:/usr/bin:/opt/thinlinc/bin:/usr/local/bin:/usr/bin/X11:/sbin:/usr/sbin:/usr/local/sbin:/home/bmeirose42/bin:.:/sw/pkg/lunarc/bin:/sw/pkg/slurm/local/bin:/opt/thinlinc/sbin
++ PATH=/home/bmeirose42/.conda/envs/hibeam_env/bin:/sw/easybuild_milan/software/Anaconda3/2024.02-1/condabin:/sw/easybuild_milan/software/Anaconda3/2024.02-1:/sw/easybuild_milan/software/Anaconda3/2024.02-1/sbin:/sw/easybuild_milan/software/Anaconda3/2024.02-1/bin:/sw/pkg/gfxlauncher:/bin:/usr/bin:/opt/thinlinc/bin:/usr/local/bin:/usr/bin/X11:/sbin:/usr/sbin:/usr/local/sbin:/home/bmeirose42/bin:.:/sw/pkg/lunarc/bin:/sw/pkg/slurm/local/bin:/opt/thinlinc/sbin
++ export CONDA_PREFIX=/home/bmeirose42/.conda/envs/hibeam_env
++ CONDA_PREFIX=/home/bmeirose42/.conda/envs/hibeam_env
++ export CONDA_SHLVL=1
++ CONDA_SHLVL=1
++ export CONDA_DEFAULT_ENV=hibeam_env
++ CONDA_DEFAULT_ENV=hibeam_env
++ export 'CONDA_PROMPT_MODIFIER=(hibeam_env) '
++ CONDA_PROMPT_MODIFIER='(hibeam_env) '
++ export CONDA_EXE=/sw/easybuild_milan/software/Anaconda3/2024.02-1/bin/conda
++ CONDA_EXE=/sw/easybuild_milan/software/Anaconda3/2024.02-1/bin/conda
++ export _CE_M=
++ _CE_M=
++ export _CE_CONDA=
++ _CE_CONDA=
++ export CONDA_PYTHON_EXE=/sw/easybuild_milan/software/Anaconda3/2024.02-1/bin/python
++ CONDA_PYTHON_EXE=/sw/easybuild_milan/software/Anaconda3/2024.02-1/bin/python
++ . /home/bmeirose42/.conda/envs/hibeam_env/etc/conda/activate.d/libarrow_activate.sh
+++ '[' -n '' ']'
+++ _la_log 'Beginning libarrow activation.'
+++ '[' '' = 1 ']'
+++ _la_gdb_prefix=/home/bmeirose42/.conda/envs/hibeam_env/share/gdb/auto-load
+++ '[' '!' -w /home/bmeirose42/.conda/envs/hibeam_env/share/gdb/auto-load ']'
+++ _la_placeholder=replace_this_section_with_absolute_slashed_path_to_CONDA_PREFIX
+++ _la_symlink_dir=/home/bmeirose42/.conda/envs/hibeam_env/share/gdb/auto-load//home/bmeirose42/.conda/envs/hibeam_env/lib
+++ _la_orig_install_dir=/home/bmeirose42/.conda/envs/hibeam_env/share/gdb/auto-load/replace_this_section_with_absolute_slashed_path_to_CONDA_PREFIX/lib
+++ _la_log '          _la_gdb_prefix: /home/bmeirose42/.conda/envs/hibeam_env/share/gdb/auto-load'
+++ '[' '' = 1 ']'
+++ _la_log '         _la_placeholder: replace_this_section_with_absolute_slashed_path_to_CONDA_PREFIX'
+++ '[' '' = 1 ']'
+++ _la_log '         _la_symlink_dir: /home/bmeirose42/.conda/envs/hibeam_env/share/gdb/auto-load//home/bmeirose42/.conda/envs/hibeam_env/lib'
+++ '[' '' = 1 ']'
+++ _la_log '    _la_orig_install_dir: /home/bmeirose42/.conda/envs/hibeam_env/share/gdb/auto-load/replace_this_section_with_absolute_slashed_path_to_CONDA_PREFIX/lib'
+++ '[' '' = 1 ']'
+++ _la_log '  content of that folder:'
+++ '[' '' = 1 ']'
++++ ls -al /home/bmeirose42/.conda/envs/hibeam_env/share/gdb/auto-load/replace_this_section_with_absolute_slashed_path_to_CONDA_PREFIX/lib
++++ sed 's/^/      /'
+++ _la_log '      total 2
      drwxr-sr-x 2 bmeirose42 mnxb01 4096 Sep 14 19:44 .
      drwxr-sr-x 3 bmeirose42 mnxb01 4096 Sep 14 19:38 ..
      -rw-r--r-- 1 bmeirose42 mnxb01  982 Sep 14 19:44 libarrow.so.2000.0.0-gdb.py'
+++ '[' '' = 1 ']'
+++ for _la_target in "$_la_orig_install_dir/"*.py
+++ '[' '!' -e /home/bmeirose42/.conda/envs/hibeam_env/share/gdb/auto-load/replace_this_section_with_absolute_slashed_path_to_CONDA_PREFIX/lib/libarrow.so.2000.0.0-gdb.py ']'
++++ basename /home/bmeirose42/.conda/envs/hibeam_env/share/gdb/auto-load/replace_this_section_with_absolute_slashed_path_to_CONDA_PREFIX/lib/libarrow.so.2000.0.0-gdb.py
+++ _la_symlink=/home/bmeirose42/.conda/envs/hibeam_env/share/gdb/auto-load//home/bmeirose42/.conda/envs/hibeam_env/lib/libarrow.so.2000.0.0-gdb.py
+++ _la_log '   _la_target: /home/bmeirose42/.conda/envs/hibeam_env/share/gdb/auto-load/replace_this_section_with_absolute_slashed_path_to_CONDA_PREFIX/lib/libarrow.so.2000.0.0-gdb.py'
+++ '[' '' = 1 ']'
+++ _la_log '  _la_symlink: /home/bmeirose42/.conda/envs/hibeam_env/share/gdb/auto-load//home/bmeirose42/.conda/envs/hibeam_env/lib/libarrow.so.2000.0.0-gdb.py'
+++ '[' '' = 1 ']'
+++ '[' -L /home/bmeirose42/.conda/envs/hibeam_env/share/gdb/auto-load//home/bmeirose42/.conda/envs/hibeam_env/lib/libarrow.so.2000.0.0-gdb.py ']'
++++ readlink /home/bmeirose42/.conda/envs/hibeam_env/share/gdb/auto-load//home/bmeirose42/.conda/envs/hibeam_env/lib/libarrow.so.2000.0.0-gdb.py
+++ '[' /home/bmeirose42/.conda/envs/hibeam_env/share/gdb/auto-load/replace_this_section_with_absolute_slashed_path_to_CONDA_PREFIX/lib/libarrow.so.2000.0.0-gdb.py = /home/bmeirose42/.conda/envs/hibeam_env/share/gdb/auto-load/replace_this_section_with_absolute_slashed_path_to_CONDA_PREFIX/lib/libarrow.so.2000.0.0-gdb.py ']'
+++ _la_log 'symlink $_la_symlink already exists and points to $_la_target, skipping.'
+++ '[' '' = 1 ']'
+++ continue
+++ _la_log 'Libarrow activation complete.'
+++ '[' '' = 1 ']'
+++ unset _la_gdb_prefix
+++ unset _la_log
+++ unset _la_orig_install_dir
+++ unset _la_placeholder
+++ unset _la_symlink
+++ unset _la_symlink_dir
+++ unset _la_target
++ . /home/bmeirose42/.conda/envs/hibeam_env/etc/conda/activate.d/libblas_mkl_activate.sh
+++ export CONDA_MKL_INTERFACE_LAYER_BACKUP=
+++ CONDA_MKL_INTERFACE_LAYER_BACKUP=
+++ export MKL_INTERFACE_LAYER=LP64,GNU
+++ MKL_INTERFACE_LAYER=LP64,GNU
++ . /home/bmeirose42/.conda/envs/hibeam_env/etc/conda/activate.d/libglib_activate.sh
+++ export GSETTINGS_SCHEMA_DIR_CONDA_BACKUP=
+++ GSETTINGS_SCHEMA_DIR_CONDA_BACKUP=
+++ export GSETTINGS_SCHEMA_DIR=/home/bmeirose42/.conda/envs/hibeam_env/share/glib-2.0/schemas
+++ GSETTINGS_SCHEMA_DIR=/home/bmeirose42/.conda/envs/hibeam_env/share/glib-2.0/schemas
++ . /home/bmeirose42/.conda/envs/hibeam_env/etc/conda/activate.d/libxml2_activate.sh
+++ test -n ''
+++ xml_catalog_files_libxml2=
+++ XML_CATALOG_FILES=
+++ conda_catalog_files=
+++ ifs_libxml2=' 	
'
+++ IFS=' '
+++ rem=/home/bmeirose42/.conda/envs/hibeam_env
+++ for pre in ${rem}
+++ test '' = /home/bmeirose42/.conda/envs/hibeam_env
+++ conda_catalog_files=/home/bmeirose42/.conda/envs/hibeam_env
+++ rem=
+++ IFS=' 	
'
+++ conda_catalog_files='file:///home/bmeirose42/.conda/envs/hibeam_env/etc/xml/catalog file:///etc/xml/catalog'
+++ export 'XML_CATALOG_FILES=file:///home/bmeirose42/.conda/envs/hibeam_env/etc/xml/catalog file:///etc/xml/catalog'
+++ XML_CATALOG_FILES='file:///home/bmeirose42/.conda/envs/hibeam_env/etc/xml/catalog file:///etc/xml/catalog'
+++ unset conda_catalog_files ifs_libxml2 rem
+ __conda_hashr
+ '[' -n '' ']'
+ '[' -n '' ']'
+ hash -r
+ log 'Installing/updating core packages...'
+ printf '\033[1;34m[INFO]\033[0m %s\n' 'Installing/updating core packages...'
[1;34m[INFO][0m Installing/updating core packages...
+ conda install -y -c conda-forge pyarrow pandas matplotlib pytorch-lightning
+ local cmd=install
+ case "$cmd" in
+ __conda_exe install -y -c conda-forge pyarrow pandas matplotlib pytorch-lightning
+ /sw/easybuild_milan/software/Anaconda3/2024.02-1/bin/conda install -y -c conda-forge pyarrow pandas matplotlib pytorch-lightning
Channels:
 - conda-forge
 - bioconda
 - nodefaults
Platform: linux-64
Collecting package metadata (repodata.json): ...working... done
Solving environment: ...working... done

## Package Plan ##

  environment location: /home/bmeirose42/.conda/envs/hibeam_env

  added / updated specs:
    - matplotlib
    - pandas
    - pyarrow
    - pytorch-lightning


The following packages will be downloaded:

    package                    |            build
    ---------------------------|-----------------
    brotli-python-1.0.9        |   py39h5a03fae_8         353 KB  conda-forge
    cffi-1.17.1                |   py39h15c3d72_0         236 KB  conda-forge
    charset-normalizer-3.4.3   |     pyhd8ed1ab_0          50 KB  conda-forge
    colorama-0.4.6             |     pyhd8ed1ab_1          26 KB  conda-forge
    h2-4.2.0                   |     pyhd8ed1ab_0          53 KB  conda-forge
    hpack-4.1.0                |     pyhd8ed1ab_0          30 KB  conda-forge
    hyperframe-6.1.0           |     pyhd8ed1ab_0          17 KB  conda-forge
    idna-3.10                  |     pyhd8ed1ab_1          49 KB  conda-forge
    lightning-utilities-0.15.2 |     pyhd8ed1ab_0          29 KB  conda-forge
    pycparser-2.22             |     pyh29332c3_1         108 KB  conda-forge
    pysocks-1.7.1              |     pyha55dd90_7          21 KB  conda-forge
    pytorch-lightning-2.5.3    |     pyh2a12c56_0         443 KB  conda-forge
    pyyaml-6.0.2               |   py39h9399b63_2         178 KB  conda-forge
    requests-2.32.5            |     pyhd8ed1ab_0          58 KB  conda-forge
    torchmetrics-1.8.2         |     pyhd8ed1ab_0         387 KB  conda-forge
    tqdm-4.67.1                |     pyhd8ed1ab_1          87 KB  conda-forge
    typing-extensions-4.14.1   |       h4440ef1_0          88 KB  conda-forge
    urllib3-2.5.0              |     pyhd8ed1ab_0          99 KB  conda-forge
    yaml-0.2.5                 |       h280c20c_3          83 KB  conda-forge
    zstandard-0.23.0           |   py39hd399759_3         466 KB  conda-forge
    ------------------------------------------------------------
                                           Total:         2.8 MB

The following NEW packages will be INSTALLED:

  brotli-python      conda-forge/linux-64::brotli-python-1.0.9-py39h5a03fae_8 
  cffi               conda-forge/linux-64::cffi-1.17.1-py39h15c3d72_0 
  charset-normalizer conda-forge/noarch::charset-normalizer-3.4.3-pyhd8ed1ab_0 
  colorama           conda-forge/noarch::colorama-0.4.6-pyhd8ed1ab_1 
  h2                 conda-forge/noarch::h2-4.2.0-pyhd8ed1ab_0 
  hpack              conda-forge/noarch::hpack-4.1.0-pyhd8ed1ab_0 
  hyperframe         conda-forge/noarch::hyperframe-6.1.0-pyhd8ed1ab_0 
  idna               conda-forge/noarch::idna-3.10-pyhd8ed1ab_1 
  lightning-utiliti~ conda-forge/noarch::lightning-utilities-0.15.2-pyhd8ed1ab_0 
  pycparser          conda-forge/noarch::pycparser-2.22-pyh29332c3_1 
  pysocks            conda-forge/noarch::pysocks-1.7.1-pyha55dd90_7 
  pytorch-lightning  conda-forge/noarch::pytorch-lightning-2.5.3-pyh2a12c56_0 
  pyyaml             conda-forge/linux-64::pyyaml-6.0.2-py39h9399b63_2 
  requests           conda-forge/noarch::requests-2.32.5-pyhd8ed1ab_0 
  torchmetrics       conda-forge/noarch::torchmetrics-1.8.2-pyhd8ed1ab_0 
  tqdm               conda-forge/noarch::tqdm-4.67.1-pyhd8ed1ab_1 
  typing-extensions  conda-forge/noarch::typing-extensions-4.14.1-h4440ef1_0 
  urllib3            conda-forge/noarch::urllib3-2.5.0-pyhd8ed1ab_0 
  yaml               conda-forge/linux-64::yaml-0.2.5-h280c20c_3 
  zstandard          conda-forge/linux-64::zstandard-0.23.0-py39hd399759_3 



Downloading and Extracting Packages: ...working... done
Preparing transaction: ...working... done
Verifying transaction: ...working... done
Executing transaction: ...working... done
+ __conda_reactivate
+ local ask_conda
++ PS1='(hibeam_env) '
++ __conda_exe shell.posix reactivate
++ /sw/easybuild_milan/software/Anaconda3/2024.02-1/bin/conda shell.posix reactivate
+ ask_conda='. "/home/bmeirose42/.conda/envs/hibeam_env/etc/conda/deactivate.d/libxml2_deactivate.sh"
. "/home/bmeirose42/.conda/envs/hibeam_env/etc/conda/deactivate.d/libglib_deactivate.sh"
. "/home/bmeirose42/.conda/envs/hibeam_env/etc/conda/deactivate.d/libblas_mkl_deactivate.sh"
PS1='\''(hibeam_env) '\''
export PATH='\''/home/bmeirose42/.conda/envs/hibeam_env/bin:/sw/easybuild_milan/software/Anaconda3/2024.02-1/condabin:/sw/easybuild_milan/software/Anaconda3/2024.02-1:/sw/easybuild_milan/software/Anaconda3/2024.02-1/sbin:/sw/easybuild_milan/software/Anaconda3/2024.02-1/bin:/sw/pkg/gfxlauncher:/bin:/usr/bin:/opt/thinlinc/bin:/usr/local/bin:/usr/bin/X11:/sbin:/usr/sbin:/usr/local/sbin:/home/bmeirose42/bin:.:/sw/pkg/lunarc/bin:/sw/pkg/slurm/local/bin:/opt/thinlinc/sbin'\''
export CONDA_SHLVL='\''1'\''
export CONDA_PROMPT_MODIFIER='\''(hibeam_env) '\''
. "/home/bmeirose42/.conda/envs/hibeam_env/etc/conda/activate.d/libarrow_activate.sh"
. "/home/bmeirose42/.conda/envs/hibeam_env/etc/conda/activate.d/libblas_mkl_activate.sh"
. "/home/bmeirose42/.conda/envs/hibeam_env/etc/conda/activate.d/libglib_activate.sh"
. "/home/bmeirose42/.conda/envs/hibeam_env/etc/conda/activate.d/libxml2_activate.sh"'
+ eval '. "/home/bmeirose42/.conda/envs/hibeam_env/etc/conda/deactivate.d/libxml2_deactivate.sh"
. "/home/bmeirose42/.conda/envs/hibeam_env/etc/conda/deactivate.d/libglib_deactivate.sh"
. "/home/bmeirose42/.conda/envs/hibeam_env/etc/conda/deactivate.d/libblas_mkl_deactivate.sh"
PS1='\''(hibeam_env) '\''
export PATH='\''/home/bmeirose42/.conda/envs/hibeam_env/bin:/sw/easybuild_milan/software/Anaconda3/2024.02-1/condabin:/sw/easybuild_milan/software/Anaconda3/2024.02-1:/sw/easybuild_milan/software/Anaconda3/2024.02-1/sbin:/sw/easybuild_milan/software/Anaconda3/2024.02-1/bin:/sw/pkg/gfxlauncher:/bin:/usr/bin:/opt/thinlinc/bin:/usr/local/bin:/usr/bin/X11:/sbin:/usr/sbin:/usr/local/sbin:/home/bmeirose42/bin:.:/sw/pkg/lunarc/bin:/sw/pkg/slurm/local/bin:/opt/thinlinc/sbin'\''
export CONDA_SHLVL='\''1'\''
export CONDA_PROMPT_MODIFIER='\''(hibeam_env) '\''
. "/home/bmeirose42/.conda/envs/hibeam_env/etc/conda/activate.d/libarrow_activate.sh"
. "/home/bmeirose42/.conda/envs/hibeam_env/etc/conda/activate.d/libblas_mkl_activate.sh"
. "/home/bmeirose42/.conda/envs/hibeam_env/etc/conda/activate.d/libglib_activate.sh"
. "/home/bmeirose42/.conda/envs/hibeam_env/etc/conda/activate.d/libxml2_activate.sh"'
++ . /home/bmeirose42/.conda/envs/hibeam_env/etc/conda/deactivate.d/libxml2_deactivate.sh
+++ test -n ''
+++ unset XML_CATALOG_FILES
+++ unset xml_catalog_files_libxml2
++ . /home/bmeirose42/.conda/envs/hibeam_env/etc/conda/deactivate.d/libglib_deactivate.sh
+++ export GSETTINGS_SCHEMA_DIR=
+++ GSETTINGS_SCHEMA_DIR=
+++ unset GSETTINGS_SCHEMA_DIR_CONDA_BACKUP
+++ '[' -z ']'
+++ unset GSETTINGS_SCHEMA_DIR
++ . /home/bmeirose42/.conda/envs/hibeam_env/etc/conda/deactivate.d/libblas_mkl_deactivate.sh
+++ '[' '' = '' ']'
+++ unset MKL_INTERFACE_LAYER
+++ unset CONDA_MKL_INTERFACE_LAYER_BACKUP
++ PS1='(hibeam_env) '
++ export PATH=/home/bmeirose42/.conda/envs/hibeam_env/bin:/sw/easybuild_milan/software/Anaconda3/2024.02-1/condabin:/sw/easybuild_milan/software/Anaconda3/2024.02-1:/sw/easybuild_milan/software/Anaconda3/2024.02-1/sbin:/sw/easybuild_milan/software/Anaconda3/2024.02-1/bin:/sw/pkg/gfxlauncher:/bin:/usr/bin:/opt/thinlinc/bin:/usr/local/bin:/usr/bin/X11:/sbin:/usr/sbin:/usr/local/sbin:/home/bmeirose42/bin:.:/sw/pkg/lunarc/bin:/sw/pkg/slurm/local/bin:/opt/thinlinc/sbin
++ PATH=/home/bmeirose42/.conda/envs/hibeam_env/bin:/sw/easybuild_milan/software/Anaconda3/2024.02-1/condabin:/sw/easybuild_milan/software/Anaconda3/2024.02-1:/sw/easybuild_milan/software/Anaconda3/2024.02-1/sbin:/sw/easybuild_milan/software/Anaconda3/2024.02-1/bin:/sw/pkg/gfxlauncher:/bin:/usr/bin:/opt/thinlinc/bin:/usr/local/bin:/usr/bin/X11:/sbin:/usr/sbin:/usr/local/sbin:/home/bmeirose42/bin:.:/sw/pkg/lunarc/bin:/sw/pkg/slurm/local/bin:/opt/thinlinc/sbin
++ export CONDA_SHLVL=1
++ CONDA_SHLVL=1
++ export 'CONDA_PROMPT_MODIFIER=(hibeam_env) '
++ CONDA_PROMPT_MODIFIER='(hibeam_env) '
++ . /home/bmeirose42/.conda/envs/hibeam_env/etc/conda/activate.d/libarrow_activate.sh
+++ '[' -n '' ']'
+++ _la_log 'Beginning libarrow activation.'
+++ '[' '' = 1 ']'
+++ _la_gdb_prefix=/home/bmeirose42/.conda/envs/hibeam_env/share/gdb/auto-load
+++ '[' '!' -w /home/bmeirose42/.conda/envs/hibeam_env/share/gdb/auto-load ']'
+++ _la_placeholder=replace_this_section_with_absolute_slashed_path_to_CONDA_PREFIX
+++ _la_symlink_dir=/home/bmeirose42/.conda/envs/hibeam_env/share/gdb/auto-load//home/bmeirose42/.conda/envs/hibeam_env/lib
+++ _la_orig_install_dir=/home/bmeirose42/.conda/envs/hibeam_env/share/gdb/auto-load/replace_this_section_with_absolute_slashed_path_to_CONDA_PREFIX/lib
+++ _la_log '          _la_gdb_prefix: /home/bmeirose42/.conda/envs/hibeam_env/share/gdb/auto-load'
+++ '[' '' = 1 ']'
+++ _la_log '         _la_placeholder: replace_this_section_with_absolute_slashed_path_to_CONDA_PREFIX'
+++ '[' '' = 1 ']'
+++ _la_log '         _la_symlink_dir: /home/bmeirose42/.conda/envs/hibeam_env/share/gdb/auto-load//home/bmeirose42/.conda/envs/hibeam_env/lib'
+++ '[' '' = 1 ']'
+++ _la_log '    _la_orig_install_dir: /home/bmeirose42/.conda/envs/hibeam_env/share/gdb/auto-load/replace_this_section_with_absolute_slashed_path_to_CONDA_PREFIX/lib'
+++ '[' '' = 1 ']'
+++ _la_log '  content of that folder:'
+++ '[' '' = 1 ']'
++++ ls -al /home/bmeirose42/.conda/envs/hibeam_env/share/gdb/auto-load/replace_this_section_with_absolute_slashed_path_to_CONDA_PREFIX/lib
++++ sed 's/^/      /'
+++ _la_log '      total 2
      drwxr-sr-x 2 bmeirose42 mnxb01 4096 Sep 14 19:44 .
      drwxr-sr-x 3 bmeirose42 mnxb01 4096 Sep 14 19:38 ..
      -rw-r--r-- 1 bmeirose42 mnxb01  982 Sep 14 19:44 libarrow.so.2000.0.0-gdb.py'
+++ '[' '' = 1 ']'
+++ for _la_target in "$_la_orig_install_dir/"*.py
+++ '[' '!' -e /home/bmeirose42/.conda/envs/hibeam_env/share/gdb/auto-load/replace_this_section_with_absolute_slashed_path_to_CONDA_PREFIX/lib/libarrow.so.2000.0.0-gdb.py ']'
++++ basename /home/bmeirose42/.conda/envs/hibeam_env/share/gdb/auto-load/replace_this_section_with_absolute_slashed_path_to_CONDA_PREFIX/lib/libarrow.so.2000.0.0-gdb.py
+++ _la_symlink=/home/bmeirose42/.conda/envs/hibeam_env/share/gdb/auto-load//home/bmeirose42/.conda/envs/hibeam_env/lib/libarrow.so.2000.0.0-gdb.py
+++ _la_log '   _la_target: /home/bmeirose42/.conda/envs/hibeam_env/share/gdb/auto-load/replace_this_section_with_absolute_slashed_path_to_CONDA_PREFIX/lib/libarrow.so.2000.0.0-gdb.py'
+++ '[' '' = 1 ']'
+++ _la_log '  _la_symlink: /home/bmeirose42/.conda/envs/hibeam_env/share/gdb/auto-load//home/bmeirose42/.conda/envs/hibeam_env/lib/libarrow.so.2000.0.0-gdb.py'
+++ '[' '' = 1 ']'
+++ '[' -L /home/bmeirose42/.conda/envs/hibeam_env/share/gdb/auto-load//home/bmeirose42/.conda/envs/hibeam_env/lib/libarrow.so.2000.0.0-gdb.py ']'
++++ readlink /home/bmeirose42/.conda/envs/hibeam_env/share/gdb/auto-load//home/bmeirose42/.conda/envs/hibeam_env/lib/libarrow.so.2000.0.0-gdb.py
+++ '[' /home/bmeirose42/.conda/envs/hibeam_env/share/gdb/auto-load/replace_this_section_with_absolute_slashed_path_to_CONDA_PREFIX/lib/libarrow.so.2000.0.0-gdb.py = /home/bmeirose42/.conda/envs/hibeam_env/share/gdb/auto-load/replace_this_section_with_absolute_slashed_path_to_CONDA_PREFIX/lib/libarrow.so.2000.0.0-gdb.py ']'
+++ _la_log 'symlink $_la_symlink already exists and points to $_la_target, skipping.'
+++ '[' '' = 1 ']'
+++ continue
+++ _la_log 'Libarrow activation complete.'
+++ '[' '' = 1 ']'
+++ unset _la_gdb_prefix
+++ unset _la_log
+++ unset _la_orig_install_dir
+++ unset _la_placeholder
+++ unset _la_symlink
+++ unset _la_symlink_dir
+++ unset _la_target
++ . /home/bmeirose42/.conda/envs/hibeam_env/etc/conda/activate.d/libblas_mkl_activate.sh
+++ export CONDA_MKL_INTERFACE_LAYER_BACKUP=
+++ CONDA_MKL_INTERFACE_LAYER_BACKUP=
+++ export MKL_INTERFACE_LAYER=LP64,GNU
+++ MKL_INTERFACE_LAYER=LP64,GNU
++ . /home/bmeirose42/.conda/envs/hibeam_env/etc/conda/activate.d/libglib_activate.sh
+++ export GSETTINGS_SCHEMA_DIR_CONDA_BACKUP=
+++ GSETTINGS_SCHEMA_DIR_CONDA_BACKUP=
+++ export GSETTINGS_SCHEMA_DIR=/home/bmeirose42/.conda/envs/hibeam_env/share/glib-2.0/schemas
+++ GSETTINGS_SCHEMA_DIR=/home/bmeirose42/.conda/envs/hibeam_env/share/glib-2.0/schemas
++ . /home/bmeirose42/.conda/envs/hibeam_env/etc/conda/activate.d/libxml2_activate.sh
+++ test -n ''
+++ xml_catalog_files_libxml2=
+++ XML_CATALOG_FILES=
+++ conda_catalog_files=
+++ ifs_libxml2=' 	
'
+++ IFS=' '
+++ rem=/home/bmeirose42/.conda/envs/hibeam_env
+++ for pre in ${rem}
+++ test '' = /home/bmeirose42/.conda/envs/hibeam_env
+++ conda_catalog_files=/home/bmeirose42/.conda/envs/hibeam_env
+++ rem=
+++ IFS=' 	
'
+++ conda_catalog_files='file:///home/bmeirose42/.conda/envs/hibeam_env/etc/xml/catalog file:///etc/xml/catalog'
+++ export 'XML_CATALOG_FILES=file:///home/bmeirose42/.conda/envs/hibeam_env/etc/xml/catalog file:///etc/xml/catalog'
+++ XML_CATALOG_FILES='file:///home/bmeirose42/.conda/envs/hibeam_env/etc/xml/catalog file:///etc/xml/catalog'
+++ unset conda_catalog_files ifs_libxml2 rem
+ __conda_hashr
+ '[' -n '' ']'
+ '[' -n '' ']'
+ hash -r
+ python -c 'import torch'
+ python -c 'import torch_geometric'
+ log 'Installing PyTorch Geometric CPU wheels...'
+ printf '\033[1;34m[INFO]\033[0m %s\n' 'Installing PyTorch Geometric CPU wheels...'
[1;34m[INFO][0m Installing PyTorch Geometric CPU wheels...
+ pip install --user torch-scatter torch-sparse torch-cluster torch-spline-conv torch-geometric --extra-index-url https://data.pyg.org/whl/torch-2.1.0+cpu.html
Looking in indexes: https://pypi.org/simple, https://data.pyg.org/whl/torch-2.1.0+cpu.html
Collecting torch-scatter
  Downloading torch_scatter-2.1.2.tar.gz (108 kB)
     â”â”â”â”â”â”â”â”â”â”â”â”â”â”â”â”â”â”â”â”â”â”â”â”â”â”â”â”â”â”â”â”â”â”â”â”â”â”â”â” 108.0/108.0 kB 7.6 MB/s eta 0:00:00
  Preparing metadata (setup.py): started
  Preparing metadata (setup.py): finished with status 'done'
Collecting torch-sparse
  Downloading torch_sparse-0.6.18.tar.gz (209 kB)
     â”â”â”â”â”â”â”â”â”â”â”â”â”â”â”â”â”â”â”â”â”â”â”â”â”â”â”â”â”â”â”â”â”â”â”â”â”â”â”â” 210.0/210.0 kB 24.1 MB/s eta 0:00:00
  Preparing metadata (setup.py): started
  Preparing metadata (setup.py): finished with status 'done'
Collecting torch-cluster
  Downloading torch_cluster-1.6.3.tar.gz (54 kB)
     â”â”â”â”â”â”â”â”â”â”â”â”â”â”â”â”â”â”â”â”â”â”â”â”â”â”â”â”â”â”â”â”â”â”â”â”â”â”â”â” 54.5/54.5 kB 8.6 MB/s eta 0:00:00
  Preparing metadata (setup.py): started
  Preparing metadata (setup.py): finished with status 'done'
Collecting torch-spline-conv
  Downloading torch_spline_conv-1.2.2.tar.gz (25 kB)
  Preparing metadata (setup.py): started
  Preparing metadata (setup.py): finished with status 'done'
Collecting torch-geometric
  Downloading torch_geometric-2.6.1-py3-none-any.whl.metadata (63 kB)
     â”â”â”â”â”â”â”â”â”â”â”â”â”â”â”â”â”â”â”â”â”â”â”â”â”â”â”â”â”â”â”â”â”â”â”â”â”â”â”â” 63.1/63.1 kB 11.2 MB/s eta 0:00:00
Requirement already satisfied: scipy in /home/bmeirose42/.local/lib/python3.9/site-packages (from torch-sparse) (1.11.2)
Collecting aiohttp (from torch-geometric)
  Downloading aiohttp-3.12.15-cp39-cp39-manylinux_2_17_x86_64.manylinux2014_x86_64.whl.metadata (7.7 kB)
Requirement already satisfied: fsspec in /home/bmeirose42/.conda/envs/hibeam_env/lib/python3.9/site-packages (from torch-geometric) (2025.7.0)
Requirement already satisfied: jinja2 in /home/bmeirose42/.local/lib/python3.9/site-packages (from torch-geometric) (3.1.2)
Requirement already satisfied: numpy in /home/bmeirose42/.local/lib/python3.9/site-packages (from torch-geometric) (1.25.2)
Collecting psutil>=5.8.0 (from torch-geometric)
  Downloading psutil-7.0.0-cp36-abi3-manylinux_2_12_x86_64.manylinux2010_x86_64.manylinux_2_17_x86_64.manylinux2014_x86_64.whl.metadata (22 kB)
Requirement already satisfied: pyparsing in /home/bmeirose42/.conda/envs/hibeam_env/lib/python3.9/site-packages (from torch-geometric) (3.0.9)
Requirement already satisfied: requests in /home/bmeirose42/.local/lib/python3.9/site-packages (from torch-geometric) (2.31.0)
Requirement already satisfied: tqdm in /home/bmeirose42/.conda/envs/hibeam_env/lib/python3.9/site-packages (from torch-geometric) (4.67.1)
Collecting aiohappyeyeballs>=2.5.0 (from aiohttp->torch-geometric)
  Downloading aiohappyeyeballs-2.6.1-py3-none-any.whl.metadata (5.9 kB)
Collecting aiosignal>=1.4.0 (from aiohttp->torch-geometric)
  Downloading aiosignal-1.4.0-py3-none-any.whl.metadata (3.7 kB)
Collecting async-timeout<6.0,>=4.0 (from aiohttp->torch-geometric)
  Downloading async_timeout-5.0.1-py3-none-any.whl.metadata (5.1 kB)
Requirement already satisfied: attrs>=17.3.0 in /home/bmeirose42/.local/lib/python3.9/site-packages (from aiohttp->torch-geometric) (23.1.0)
Collecting frozenlist>=1.1.1 (from aiohttp->torch-geometric)
  Downloading frozenlist-1.7.0-cp39-cp39-manylinux_2_5_x86_64.manylinux1_x86_64.manylinux_2_17_x86_64.manylinux2014_x86_64.whl.metadata (18 kB)
Collecting multidict<7.0,>=4.5 (from aiohttp->torch-geometric)
  Downloading multidict-6.6.4-cp39-cp39-manylinux2014_x86_64.manylinux_2_17_x86_64.manylinux_2_28_x86_64.whl.metadata (5.3 kB)
Collecting propcache>=0.2.0 (from aiohttp->torch-geometric)
  Downloading propcache-0.3.2-cp39-cp39-manylinux_2_17_x86_64.manylinux2014_x86_64.whl.metadata (12 kB)
Collecting yarl<2.0,>=1.17.0 (from aiohttp->torch-geometric)
  Downloading yarl-1.20.1-cp39-cp39-manylinux_2_17_x86_64.manylinux2014_x86_64.whl.metadata (73 kB)
     â”â”â”â”â”â”â”â”â”â”â”â”â”â”â”â”â”â”â”â”â”â”â”â”â”â”â”â”â”â”â”â”â”â”â”â”â”â”â”â” 73.9/73.9 kB 7.1 MB/s eta 0:00:00
Requirement already satisfied: MarkupSafe>=2.0 in /home/bmeirose42/.local/lib/python3.9/site-packages (from jinja2->torch-geometric) (2.1.3)
Requirement already satisfied: charset-normalizer<4,>=2 in /home/bmeirose42/.local/lib/python3.9/site-packages (from requests->torch-geometric) (3.2.0)
Requirement already satisfied: idna<4,>=2.5 in /home/bmeirose42/.conda/envs/hibeam_env/lib/python3.9/site-packages (from requests->torch-geometric) (3.10)
Requirement already satisfied: urllib3<3,>=1.21.1 in /home/bmeirose42/.conda/envs/hibeam_env/lib/python3.9/site-packages (from requests->torch-geometric) (2.5.0)
Requirement already satisfied: certifi>=2017.4.17 in /home/bmeirose42/.local/lib/python3.9/site-packages (from requests->torch-geometric) (2023.7.22)
Requirement already satisfied: typing-extensions>=4.2 in /home/bmeirose42/.conda/envs/hibeam_env/lib/python3.9/site-packages (from aiosignal>=1.4.0->aiohttp->torch-geometric) (4.14.1)
Downloading torch_geometric-2.6.1-py3-none-any.whl (1.1 MB)
   â”â”â”â”â”â”â”â”â”â”â”â”â”â”â”â”â”â”â”â”â”â”â”â”â”â”â”â”â”â”â”â”â”â”â”â”â”â”â”â” 1.1/1.1 MB 25.7 MB/s eta 0:00:00
Downloading psutil-7.0.0-cp36-abi3-manylinux_2_12_x86_64.manylinux2010_x86_64.manylinux_2_17_x86_64.manylinux2014_x86_64.whl (277 kB)
   â”â”â”â”â”â”â”â”â”â”â”â”â”â”â”â”â”â”â”â”â”â”â”â”â”â”â”â”â”â”â”â”â”â”â”â”â”â”â”â” 278.0/278.0 kB 8.2 MB/s eta 0:00:00
Downloading aiohttp-3.12.15-cp39-cp39-manylinux_2_17_x86_64.manylinux2014_x86_64.whl (1.6 MB)
   â”â”â”â”â”â”â”â”â”â”â”â”â”â”â”â”â”â”â”â”â”â”â”â”â”â”â”â”â”â”â”â”â”â”â”â”â”â”â”â” 1.6/1.6 MB 31.6 MB/s eta 0:00:00
Downloading aiohappyeyeballs-2.6.1-py3-none-any.whl (15 kB)
Downloading aiosignal-1.4.0-py3-none-any.whl (7.5 kB)
Downloading async_timeout-5.0.1-py3-none-any.whl (6.2 kB)
Downloading frozenlist-1.7.0-cp39-cp39-manylinux_2_5_x86_64.manylinux1_x86_64.manylinux_2_17_x86_64.manylinux2014_x86_64.whl (225 kB)
   â”â”â”â”â”â”â”â”â”â”â”â”â”â”â”â”â”â”â”â”â”â”â”â”â”â”â”â”â”â”â”â”â”â”â”â”â”â”â”â” 225.1/225.1 kB 31.6 MB/s eta 0:00:00
Downloading multidict-6.6.4-cp39-cp39-manylinux2014_x86_64.manylinux_2_17_x86_64.manylinux_2_28_x86_64.whl (239 kB)
   â”â”â”â”â”â”â”â”â”â”â”â”â”â”â”â”â”â”â”â”â”â”â”â”â”â”â”â”â”â”â”â”â”â”â”â”â”â”â”â” 239.2/239.2 kB 38.6 MB/s eta 0:00:00
Downloading propcache-0.3.2-cp39-cp39-manylinux_2_17_x86_64.manylinux2014_x86_64.whl (200 kB)
   â”â”â”â”â”â”â”â”â”â”â”â”â”â”â”â”â”â”â”â”â”â”â”â”â”â”â”â”â”â”â”â”â”â”â”â”â”â”â”â” 200.2/200.2 kB 23.9 MB/s eta 0:00:00
Downloading yarl-1.20.1-cp39-cp39-manylinux_2_17_x86_64.manylinux2014_x86_64.whl (327 kB)
   â”â”â”â”â”â”â”â”â”â”â”â”â”â”â”â”â”â”â”â”â”â”â”â”â”â”â”â”â”â”â”â”â”â”â”â”â”â”â”â” 327.3/327.3 kB 9.8 MB/s eta 0:00:00
Building wheels for collected packages: torch-scatter, torch-sparse, torch-cluster, torch-spline-conv
  Building wheel for torch-scatter (setup.py): started
  Building wheel for torch-scatter (setup.py): still running...
  Building wheel for torch-scatter (setup.py): still running...
  Building wheel for torch-scatter (setup.py): finished with status 'done'
  Created wheel for torch-scatter: filename=torch_scatter-2.1.2-cp39-cp39-linux_x86_64.whl size=553358 sha256=ced8b2580f43e9eb7b6e9327e6787d46f9c1b859db3a6489c662b58ee5003a47
  Stored in directory: /home/bmeirose42/pip_cache/wheels/b8/9c/c0/d261e1e64cc49e6b14dd7319d8b61eb14168529d810dbba00e
  Building wheel for torch-sparse (setup.py): started
  Building wheel for torch-sparse (setup.py): still running...
  Building wheel for torch-sparse (setup.py): still running...
  Building wheel for torch-sparse (setup.py): still running...
  Building wheel for torch-sparse (setup.py): still running...
  Building wheel for torch-sparse (setup.py): still running...
  Building wheel for torch-sparse (setup.py): finished with status 'done'
  Created wheel for torch-sparse: filename=torch_sparse-0.6.18-cp39-cp39-linux_x86_64.whl size=1152872 sha256=b39c78bf5cb53b0b69419788ec4117a418bf797babc2d7d8a75c6f17305480e4
  Stored in directory: /home/bmeirose42/pip_cache/wheels/c0/15/18/881c60adefeb60882987c23aa5ecced0ab7257c3162acab518
  Building wheel for torch-cluster (setup.py): started
  Building wheel for torch-cluster (setup.py): still running...
  Building wheel for torch-cluster (setup.py): still running...
  Building wheel for torch-cluster (setup.py): still running...
  Building wheel for torch-cluster (setup.py): still running...
  Building wheel for torch-cluster (setup.py): finished with status 'done'
  Created wheel for torch-cluster: filename=torch_cluster-1.6.3-cp39-cp39-linux_x86_64.whl size=777578 sha256=6b168557ee53cf20329971b7b37c453182a16fe8c354b5329dacaaa67ca5a83f
  Stored in directory: /home/bmeirose42/pip_cache/wheels/fc/55/f3/d8a310d8f0c29653a7580789f3b53f15e3cd2e88ff8ed5eeb5
  Building wheel for torch-spline-conv (setup.py): started
  Building wheel for torch-spline-conv (setup.py): still running...
  Building wheel for torch-spline-conv (setup.py): finished with status 'done'
  Created wheel for torch-spline-conv: filename=torch_spline_conv-1.2.2-cp39-cp39-linux_x86_64.whl size=237386 sha256=fbc208e105615bc63ddf6dc47214721bd30107e73a09940fb6393e2eb6165371
  Stored in directory: /home/bmeirose42/pip_cache/wheels/58/f8/af/928307700e029de11dd581e4a466b4c906bb0764d2d4b591f0
Successfully built torch-scatter torch-sparse torch-cluster torch-spline-conv
Installing collected packages: torch-spline-conv, torch-scatter, psutil, propcache, multidict, frozenlist, async-timeout, aiohappyeyeballs, yarl, torch-sparse, torch-cluster, aiosignal, aiohttp, torch-geometric
Successfully installed aiohappyeyeballs-2.6.1 aiohttp-3.12.15 aiosignal-1.4.0 async-timeout-5.0.1 frozenlist-1.7.0 multidict-6.6.4 propcache-0.3.2 psutil-7.0.0 torch-cluster-1.6.3 torch-geometric-2.6.1 torch-scatter-2.1.2 torch-sparse-0.6.18 torch-spline-conv-1.2.2 yarl-1.20.1

[notice] A new release of pip is available: 23.3 -> 25.2
[notice] To update, run: pip install --upgrade pip
+ python -c 'from graphnet.data import GraphNeTDataModule'
+ log 'Installing GraphNet...'
+ printf '\033[1;34m[INFO]\033[0m %s\n' 'Installing GraphNet...'
[1;34m[INFO][0m Installing GraphNet...
+ pip install --user git+https://github.com/graphnet-team/graphnet.git
Collecting git+https://github.com/graphnet-team/graphnet.git
  Cloning https://github.com/graphnet-team/graphnet.git to /tmp/pip-req-build-ujur_hbs
  Running command git clone --filter=blob:none --quiet https://github.com/graphnet-team/graphnet.git /tmp/pip-req-build-ujur_hbs
  Resolved https://github.com/graphnet-team/graphnet.git to commit 401f28b450e995cc567a70e83bb813757e9a4d63
  Installing build dependencies: started
  Installing build dependencies: finished with status 'done'
  Getting requirements to build wheel: started
  Getting requirements to build wheel: finished with status 'done'
  Preparing metadata (pyproject.toml): started
  Preparing metadata (pyproject.toml): finished with status 'done'
Collecting colorlog>=6.6 (from graphnet==1.0.0+4264.g401f28b4)
  Downloading colorlog-6.9.0-py3-none-any.whl.metadata (10 kB)
Collecting configupdater (from graphnet==1.0.0+4264.g401f28b4)
  Downloading ConfigUpdater-3.2-py2.py3-none-any.whl.metadata (10 kB)
Collecting dill>=0.3 (from graphnet==1.0.0+4264.g401f28b4)
  Downloading dill-0.4.0-py3-none-any.whl.metadata (10 kB)
Requirement already satisfied: matplotlib>=3.5 in /home/bmeirose42/.local/lib/python3.9/site-packages (from graphnet==1.0.0+4264.g401f28b4) (3.7.2)
Requirement already satisfied: numpy<2.0,>=1.22 in /home/bmeirose42/.local/lib/python3.9/site-packages (from graphnet==1.0.0+4264.g401f28b4) (1.25.2)
Requirement already satisfied: pandas>=1.3 in /home/bmeirose42/.local/lib/python3.9/site-packages (from graphnet==1.0.0+4264.g401f28b4) (2.1.1)
Requirement already satisfied: pyarrow in /home/bmeirose42/.conda/envs/hibeam_env/lib/python3.9/site-packages (from graphnet==1.0.0+4264.g401f28b4) (20.0.0)
Collecting pydantic (from graphnet==1.0.0+4264.g401f28b4)
  Downloading pydantic-2.11.9-py3-none-any.whl.metadata (68 kB)
     â”â”â”â”â”â”â”â”â”â”â”â”â”â”â”â”â”â”â”â”â”â”â”â”â”â”â”â”â”â”â”â”â”â”â”â”â”â”â”â” 68.4/68.4 kB 6.9 MB/s eta 0:00:00
Requirement already satisfied: ruamel.yaml in /home/bmeirose42/.local/lib/python3.9/site-packages (from graphnet==1.0.0+4264.g401f28b4) (0.17.32)
Requirement already satisfied: scikit_learn>=1.0 in /home/bmeirose42/.local/lib/python3.9/site-packages (from graphnet==1.0.0+4264.g401f28b4) (1.3.1)
Requirement already satisfied: scipy>=1.7 in /home/bmeirose42/.local/lib/python3.9/site-packages (from graphnet==1.0.0+4264.g401f28b4) (1.11.2)
Collecting sqlalchemy>=1.4 (from graphnet==1.0.0+4264.g401f28b4)
  Downloading sqlalchemy-2.0.43-cp39-cp39-manylinux_2_17_x86_64.manylinux2014_x86_64.whl.metadata (9.6 kB)
Requirement already satisfied: tqdm>=4.64 in /home/bmeirose42/.conda/envs/hibeam_env/lib/python3.9/site-packages (from graphnet==1.0.0+4264.g401f28b4) (4.67.1)
Collecting wandb>=0.12 (from graphnet==1.0.0+4264.g401f28b4)
  Downloading wandb-0.21.4-py3-none-manylinux_2_17_x86_64.manylinux2014_x86_64.whl.metadata (10 kB)
Collecting polars>=0.19 (from graphnet==1.0.0+4264.g401f28b4)
  Downloading polars-1.33.1-cp39-abi3-manylinux_2_17_x86_64.manylinux2014_x86_64.whl.metadata (15 kB)
Collecting torchscale==0.2.0 (from graphnet==1.0.0+4264.g401f28b4)
  Downloading torchscale-0.2.0.tar.gz (44 kB)
     â”â”â”â”â”â”â”â”â”â”â”â”â”â”â”â”â”â”â”â”â”â”â”â”â”â”â”â”â”â”â”â”â”â”â”â”â”â”â”â” 44.2/44.2 kB 7.6 MB/s eta 0:00:00
  Preparing metadata (setup.py): started
  Preparing metadata (setup.py): finished with status 'done'
Collecting h5py>=3.7.0 (from graphnet==1.0.0+4264.g401f28b4)
  Downloading h5py-3.14.0-cp39-cp39-manylinux_2_17_x86_64.manylinux2014_x86_64.whl.metadata (2.7 kB)
Requirement already satisfied: torch>=1.8 in /home/bmeirose42/.conda/envs/hibeam_env/lib/python3.9/site-packages (from torchscale==0.2.0->graphnet==1.0.0+4264.g401f28b4) (2.5.1)
Collecting fairscale==0.4.0 (from torchscale==0.2.0->graphnet==1.0.0+4264.g401f28b4)
  Downloading fairscale-0.4.0.tar.gz (190 kB)
     â”â”â”â”â”â”â”â”â”â”â”â”â”â”â”â”â”â”â”â”â”â”â”â”â”â”â”â”â”â”â”â”â”â”â”â”â”â”â”â” 190.3/190.3 kB 17.3 MB/s eta 0:00:00
  Installing build dependencies: started
  Installing build dependencies: finished with status 'done'
  Getting requirements to build wheel: started
  Getting requirements to build wheel: finished with status 'done'
  Installing backend dependencies: started
  Installing backend dependencies: finished with status 'done'
  Preparing metadata (pyproject.toml): started
  Preparing metadata (pyproject.toml): finished with status 'done'
Collecting timm==0.4.12 (from torchscale==0.2.0->graphnet==1.0.0+4264.g401f28b4)
  Downloading timm-0.4.12-py3-none-any.whl.metadata (30 kB)
Requirement already satisfied: torchvision in /home/bmeirose42/.conda/envs/hibeam_env/lib/python3.9/site-packages (from timm==0.4.12->torchscale==0.2.0->graphnet==1.0.0+4264.g401f28b4) (0.20.1)
Requirement already satisfied: contourpy>=1.0.1 in /home/bmeirose42/.local/lib/python3.9/site-packages (from matplotlib>=3.5->graphnet==1.0.0+4264.g401f28b4) (1.1.0)
Requirement already satisfied: cycler>=0.10 in /home/bmeirose42/.local/lib/python3.9/site-packages (from matplotlib>=3.5->graphnet==1.0.0+4264.g401f28b4) (0.11.0)
Requirement already satisfied: fonttools>=4.22.0 in /home/bmeirose42/.local/lib/python3.9/site-packages (from matplotlib>=3.5->graphnet==1.0.0+4264.g401f28b4) (4.42.0)
Requirement already satisfied: kiwisolver>=1.0.1 in /home/bmeirose42/.local/lib/python3.9/site-packages (from matplotlib>=3.5->graphnet==1.0.0+4264.g401f28b4) (1.4.4)
Requirement already satisfied: packaging>=20.0 in /home/bmeirose42/.local/lib/python3.9/site-packages (from matplotlib>=3.5->graphnet==1.0.0+4264.g401f28b4) (23.1)
Requirement already satisfied: pillow>=6.2.0 in /home/bmeirose42/.local/lib/python3.9/site-packages (from matplotlib>=3.5->graphnet==1.0.0+4264.g401f28b4) (10.0.0)
Requirement already satisfied: pyparsing<3.1,>=2.3.1 in /home/bmeirose42/.conda/envs/hibeam_env/lib/python3.9/site-packages (from matplotlib>=3.5->graphnet==1.0.0+4264.g401f28b4) (3.0.9)
Requirement already satisfied: python-dateutil>=2.7 in /home/bmeirose42/.local/lib/python3.9/site-packages (from matplotlib>=3.5->graphnet==1.0.0+4264.g401f28b4) (2.8.2)
Requirement already satisfied: importlib-resources>=3.2.0 in /home/bmeirose42/.local/lib/python3.9/site-packages (from matplotlib>=3.5->graphnet==1.0.0+4264.g401f28b4) (6.0.1)
Requirement already satisfied: pytz>=2020.1 in /home/bmeirose42/.conda/envs/hibeam_env/lib/python3.9/site-packages (from pandas>=1.3->graphnet==1.0.0+4264.g401f28b4) (2025.2)
Requirement already satisfied: tzdata>=2022.1 in /home/bmeirose42/.local/lib/python3.9/site-packages (from pandas>=1.3->graphnet==1.0.0+4264.g401f28b4) (2023.3)
Requirement already satisfied: joblib>=1.1.1 in /home/bmeirose42/.local/lib/python3.9/site-packages (from scikit_learn>=1.0->graphnet==1.0.0+4264.g401f28b4) (1.3.2)
Requirement already satisfied: threadpoolctl>=2.0.0 in /home/bmeirose42/.local/lib/python3.9/site-packages (from scikit_learn>=1.0->graphnet==1.0.0+4264.g401f28b4) (3.2.0)
Collecting greenlet>=1 (from sqlalchemy>=1.4->graphnet==1.0.0+4264.g401f28b4)
  Downloading greenlet-3.2.4-cp39-cp39-manylinux_2_24_x86_64.manylinux_2_28_x86_64.whl.metadata (4.1 kB)
Requirement already satisfied: typing-extensions>=4.6.0 in /home/bmeirose42/.conda/envs/hibeam_env/lib/python3.9/site-packages (from sqlalchemy>=1.4->graphnet==1.0.0+4264.g401f28b4) (4.14.1)
Collecting click>=8.0.1 (from wandb>=0.12->graphnet==1.0.0+4264.g401f28b4)
  Downloading click-8.1.8-py3-none-any.whl.metadata (2.3 kB)
Collecting eval-type-backport (from wandb>=0.12->graphnet==1.0.0+4264.g401f28b4)
  Downloading eval_type_backport-0.2.2-py3-none-any.whl.metadata (2.2 kB)
Collecting gitpython!=3.1.29,>=1.0.0 (from wandb>=0.12->graphnet==1.0.0+4264.g401f28b4)
  Downloading gitpython-3.1.45-py3-none-any.whl.metadata (13 kB)
Requirement already satisfied: platformdirs in /home/bmeirose42/.local/lib/python3.9/site-packages (from wandb>=0.12->graphnet==1.0.0+4264.g401f28b4) (3.10.0)
Collecting protobuf!=4.21.0,!=5.28.0,<7,>=3.15.0 (from wandb>=0.12->graphnet==1.0.0+4264.g401f28b4)
  Downloading protobuf-6.32.1-cp39-abi3-manylinux2014_x86_64.whl.metadata (593 bytes)
Requirement already satisfied: pyyaml in /home/bmeirose42/.local/lib/python3.9/site-packages (from wandb>=0.12->graphnet==1.0.0+4264.g401f28b4) (6.0.1)
Requirement already satisfied: requests<3,>=2.0.0 in /home/bmeirose42/.local/lib/python3.9/site-packages (from wandb>=0.12->graphnet==1.0.0+4264.g401f28b4) (2.31.0)
Collecting sentry-sdk>=2.0.0 (from wandb>=0.12->graphnet==1.0.0+4264.g401f28b4)
  Downloading sentry_sdk-2.37.1-py2.py3-none-any.whl.metadata (10 kB)
Collecting annotated-types>=0.6.0 (from pydantic->graphnet==1.0.0+4264.g401f28b4)
  Downloading annotated_types-0.7.0-py3-none-any.whl.metadata (15 kB)
Collecting pydantic-core==2.33.2 (from pydantic->graphnet==1.0.0+4264.g401f28b4)
  Downloading pydantic_core-2.33.2-cp39-cp39-manylinux_2_17_x86_64.manylinux2014_x86_64.whl.metadata (6.8 kB)
Collecting typing-inspection>=0.4.0 (from pydantic->graphnet==1.0.0+4264.g401f28b4)
  Downloading typing_inspection-0.4.1-py3-none-any.whl.metadata (2.6 kB)
Requirement already satisfied: ruamel.yaml.clib>=0.2.7 in /home/bmeirose42/.local/lib/python3.9/site-packages (from ruamel.yaml->graphnet==1.0.0+4264.g401f28b4) (0.2.7)
Collecting gitdb<5,>=4.0.1 (from gitpython!=3.1.29,>=1.0.0->wandb>=0.12->graphnet==1.0.0+4264.g401f28b4)
  Downloading gitdb-4.0.12-py3-none-any.whl.metadata (1.2 kB)
Requirement already satisfied: zipp>=3.1.0 in /home/bmeirose42/.local/lib/python3.9/site-packages (from importlib-resources>=3.2.0->matplotlib>=3.5->graphnet==1.0.0+4264.g401f28b4) (3.16.2)
Requirement already satisfied: six>=1.5 in /home/bmeirose42/.conda/envs/hibeam_env/lib/python3.9/site-packages (from python-dateutil>=2.7->matplotlib>=3.5->graphnet==1.0.0+4264.g401f28b4) (1.17.0)
Requirement already satisfied: charset-normalizer<4,>=2 in /home/bmeirose42/.local/lib/python3.9/site-packages (from requests<3,>=2.0.0->wandb>=0.12->graphnet==1.0.0+4264.g401f28b4) (3.2.0)
Requirement already satisfied: idna<4,>=2.5 in /home/bmeirose42/.conda/envs/hibeam_env/lib/python3.9/site-packages (from requests<3,>=2.0.0->wandb>=0.12->graphnet==1.0.0+4264.g401f28b4) (3.10)
Requirement already satisfied: urllib3<3,>=1.21.1 in /home/bmeirose42/.conda/envs/hibeam_env/lib/python3.9/site-packages (from requests<3,>=2.0.0->wandb>=0.12->graphnet==1.0.0+4264.g401f28b4) (2.5.0)
Requirement already satisfied: certifi>=2017.4.17 in /home/bmeirose42/.local/lib/python3.9/site-packages (from requests<3,>=2.0.0->wandb>=0.12->graphnet==1.0.0+4264.g401f28b4) (2023.7.22)
Requirement already satisfied: filelock in /home/bmeirose42/.conda/envs/hibeam_env/lib/python3.9/site-packages (from torch>=1.8->torchscale==0.2.0->graphnet==1.0.0+4264.g401f28b4) (3.19.1)
Requirement already satisfied: sympy!=1.13.2,>=1.13.1 in /home/bmeirose42/.conda/envs/hibeam_env/lib/python3.9/site-packages (from torch>=1.8->torchscale==0.2.0->graphnet==1.0.0+4264.g401f28b4) (1.14.0)
Requirement already satisfied: networkx in /home/bmeirose42/.conda/envs/hibeam_env/lib/python3.9/site-packages (from torch>=1.8->torchscale==0.2.0->graphnet==1.0.0+4264.g401f28b4) (3.2.1)
Requirement already satisfied: jinja2 in /home/bmeirose42/.local/lib/python3.9/site-packages (from torch>=1.8->torchscale==0.2.0->graphnet==1.0.0+4264.g401f28b4) (3.1.2)
Requirement already satisfied: fsspec in /home/bmeirose42/.conda/envs/hibeam_env/lib/python3.9/site-packages (from torch>=1.8->torchscale==0.2.0->graphnet==1.0.0+4264.g401f28b4) (2025.7.0)
Collecting smmap<6,>=3.0.1 (from gitdb<5,>=4.0.1->gitpython!=3.1.29,>=1.0.0->wandb>=0.12->graphnet==1.0.0+4264.g401f28b4)
  Downloading smmap-5.0.2-py3-none-any.whl.metadata (4.3 kB)
Requirement already satisfied: mpmath<1.4,>=1.1.0 in /home/bmeirose42/.local/lib/python3.9/site-packages (from sympy!=1.13.2,>=1.13.1->torch>=1.8->torchscale==0.2.0->graphnet==1.0.0+4264.g401f28b4) (1.3.0)
Requirement already satisfied: MarkupSafe>=2.0 in /home/bmeirose42/.local/lib/python3.9/site-packages (from jinja2->torch>=1.8->torchscale==0.2.0->graphnet==1.0.0+4264.g401f28b4) (2.1.3)
Downloading timm-0.4.12-py3-none-any.whl (376 kB)
   â”â”â”â”â”â”â”â”â”â”â”â”â”â”â”â”â”â”â”â”â”â”â”â”â”â”â”â”â”â”â”â”â”â”â”â”â”â”â”â” 377.0/377.0 kB 12.2 MB/s eta 0:00:00
Downloading colorlog-6.9.0-py3-none-any.whl (11 kB)
Downloading dill-0.4.0-py3-none-any.whl (119 kB)
   â”â”â”â”â”â”â”â”â”â”â”â”â”â”â”â”â”â”â”â”â”â”â”â”â”â”â”â”â”â”â”â”â”â”â”â”â”â”â”â” 119.7/119.7 kB 24.5 MB/s eta 0:00:00
Downloading h5py-3.14.0-cp39-cp39-manylinux_2_17_x86_64.manylinux2014_x86_64.whl (4.6 MB)
   â”â”â”â”â”â”â”â”â”â”â”â”â”â”â”â”â”â”â”â”â”â”â”â”â”â”â”â”â”â”â”â”â”â”â”â”â”â”â”â” 4.6/4.6 MB 20.8 MB/s eta 0:00:00
Downloading polars-1.33.1-cp39-abi3-manylinux_2_17_x86_64.manylinux2014_x86_64.whl (39.7 MB)
   â”â”â”â”â”â”â”â”â”â”â”â”â”â”â”â”â”â”â”â”â”â”â”â”â”â”â”â”â”â”â”â”â”â”â”â”â”â”â”â” 39.7/39.7 MB 60.5 MB/s eta 0:00:00
Downloading sqlalchemy-2.0.43-cp39-cp39-manylinux_2_17_x86_64.manylinux2014_x86_64.whl (3.2 MB)
   â”â”â”â”â”â”â”â”â”â”â”â”â”â”â”â”â”â”â”â”â”â”â”â”â”â”â”â”â”â”â”â”â”â”â”â”â”â”â”â” 3.2/3.2 MB 63.2 MB/s eta 0:00:00
Downloading wandb-0.21.4-py3-none-manylinux_2_17_x86_64.manylinux2014_x86_64.whl (19.6 MB)
   â”â”â”â”â”â”â”â”â”â”â”â”â”â”â”â”â”â”â”â”â”â”â”â”â”â”â”â”â”â”â”â”â”â”â”â”â”â”â”â” 19.6/19.6 MB 63.9 MB/s eta 0:00:00
Downloading pydantic-2.11.9-py3-none-any.whl (444 kB)
   â”â”â”â”â”â”â”â”â”â”â”â”â”â”â”â”â”â”â”â”â”â”â”â”â”â”â”â”â”â”â”â”â”â”â”â”â”â”â”â” 444.9/444.9 kB 12.7 MB/s eta 0:00:00
Downloading pydantic_core-2.33.2-cp39-cp39-manylinux_2_17_x86_64.manylinux2014_x86_64.whl (2.0 MB)
   â”â”â”â”â”â”â”â”â”â”â”â”â”â”â”â”â”â”â”â”â”â”â”â”â”â”â”â”â”â”â”â”â”â”â”â”â”â”â”â” 2.0/2.0 MB 27.3 MB/s eta 0:00:00
Downloading ConfigUpdater-3.2-py2.py3-none-any.whl (34 kB)
Downloading annotated_types-0.7.0-py3-none-any.whl (13 kB)
Downloading click-8.1.8-py3-none-any.whl (98 kB)
   â”â”â”â”â”â”â”â”â”â”â”â”â”â”â”â”â”â”â”â”â”â”â”â”â”â”â”â”â”â”â”â”â”â”â”â”â”â”â”â” 98.2/98.2 kB 17.4 MB/s eta 0:00:00
Downloading gitpython-3.1.45-py3-none-any.whl (208 kB)
   â”â”â”â”â”â”â”â”â”â”â”â”â”â”â”â”â”â”â”â”â”â”â”â”â”â”â”â”â”â”â”â”â”â”â”â”â”â”â”â” 208.2/208.2 kB 34.6 MB/s eta 0:00:00
Downloading greenlet-3.2.4-cp39-cp39-manylinux_2_24_x86_64.manylinux_2_28_x86_64.whl (582 kB)
   â”â”â”â”â”â”â”â”â”â”â”â”â”â”â”â”â”â”â”â”â”â”â”â”â”â”â”â”â”â”â”â”â”â”â”â”â”â”â”â” 582.8/582.8 kB 17.6 MB/s eta 0:00:00
Downloading protobuf-6.32.1-cp39-abi3-manylinux2014_x86_64.whl (322 kB)
   â”â”â”â”â”â”â”â”â”â”â”â”â”â”â”â”â”â”â”â”â”â”â”â”â”â”â”â”â”â”â”â”â”â”â”â”â”â”â”â” 322.0/322.0 kB 9.2 MB/s eta 0:00:00
Downloading sentry_sdk-2.37.1-py2.py3-none-any.whl (368 kB)
   â”â”â”â”â”â”â”â”â”â”â”â”â”â”â”â”â”â”â”â”â”â”â”â”â”â”â”â”â”â”â”â”â”â”â”â”â”â”â”â” 368.3/368.3 kB 17.1 MB/s eta 0:00:00
Downloading typing_inspection-0.4.1-py3-none-any.whl (14 kB)
Downloading eval_type_backport-0.2.2-py3-none-any.whl (5.8 kB)
Downloading gitdb-4.0.12-py3-none-any.whl (62 kB)
   â”â”â”â”â”â”â”â”â”â”â”â”â”â”â”â”â”â”â”â”â”â”â”â”â”â”â”â”â”â”â”â”â”â”â”â”â”â”â”â” 62.8/62.8 kB 12.4 MB/s eta 0:00:00
Downloading smmap-5.0.2-py3-none-any.whl (24 kB)
Building wheels for collected packages: graphnet, torchscale, fairscale
  Building wheel for graphnet (pyproject.toml): started
  Building wheel for graphnet (pyproject.toml): finished with status 'done'
  Created wheel for graphnet: filename=graphnet-1.0.0+4264.g401f28b4-py3-none-any.whl size=263579 sha256=e988e15b6a96a8fc71148f66131ec5b7e423db03c8f23b5233eda68db67bbca1
  Stored in directory: /tmp/pip-ephem-wheel-cache-sketyq7x/wheels/63/8a/45/de65de0ef3aac155bb5feff5b5a0207f957f48d4f8a59d5903
  Building wheel for torchscale (setup.py): started
  Building wheel for torchscale (setup.py): finished with status 'done'
  Created wheel for torchscale: filename=torchscale-0.2.0-py3-none-any.whl size=59791 sha256=96779e0b8887f8fb8baa10d447ca604860cf0f44b3fb67893d299f5d9201d035
  Stored in directory: /home/bmeirose42/pip_cache/wheels/68/92/2e/98473a00a585ed6350c056cdaca29ece5f4a049041697710b2
  Building wheel for fairscale (pyproject.toml): started
  Building wheel for fairscale (pyproject.toml): finished with status 'done'
  Created wheel for fairscale: filename=fairscale-0.4.0-py3-none-any.whl size=240019 sha256=d103cdfd3e206b50b44d04c83574fbb92f06af14ca55507ef821ec332c5d117f
  Stored in directory: /home/bmeirose42/pip_cache/wheels/70/7a/d4/188823f7218ccb82ea4c4951ece13d3fd2da28855f504c0ca9
Successfully built graphnet torchscale fairscale
Installing collected packages: typing-inspection, smmap, sentry-sdk, pydantic-core, protobuf, polars, h5py, greenlet, eval-type-backport, dill, configupdater, colorlog, click, annotated-types, sqlalchemy, pydantic, gitdb, gitpython, fairscale, wandb, timm, torchscale, graphnet
  WARNING: The scripts wandb and wb are installed in '/home/bmeirose42/.local/bin' which is not on PATH.
  Consider adding this directory to PATH or, if you prefer to suppress this warning, use --no-warn-script-location.
Successfully installed annotated-types-0.7.0 click-8.1.8 colorlog-6.9.0 configupdater-3.2 dill-0.4.0 eval-type-backport-0.2.2 fairscale-0.4.0 gitdb-4.0.12 gitpython-3.1.45 graphnet-1.0.0+4264.g401f28b4 greenlet-3.2.4 h5py-3.14.0 polars-1.33.1 protobuf-6.32.1 pydantic-2.11.9 pydantic-core-2.33.2 sentry-sdk-2.37.1 smmap-5.0.2 sqlalchemy-2.0.43 timm-0.4.12 torchscale-0.2.0 typing-inspection-0.4.1 wandb-0.21.4

[notice] A new release of pip is available: 23.3 -> 25.2
[notice] To update, run: pip install --upgrade pip
+ log 'Testing critical imports...'
+ printf '\033[1;34m[INFO]\033[0m %s\n' 'Testing critical imports...'
[1;34m[INFO][0m Testing critical imports...
+ python -
[1;34mgraphnet[0m [MainProcess] [33mWARNING [0m 2025-09-14 20:07:06 - has_icecube_package - `icecube` not available. Some functionality may be missing.[0m
[1;34mgraphnet[0m [MainProcess] [33mWARNING [0m 2025-09-14 20:07:08 - has_jammy_flows_package - `jammy_flows` not available. Normalizing Flow functionality is missing.[0m
+ log 'All imports successful!'
+ printf '\033[1;34m[INFO]\033[0m %s\n' 'All imports successful!'
[1;34m[INFO][0m All imports successful!
+ [[ -f toy_data_generation.py ]]
+ [[ -f HIBEAM_GNN_v1.py ]]
+ [[ -n '' ]]
+ log 'Running toy data generation...'
+ printf '\033[1;34m[INFO]\033[0m %s\n' 'Running toy data generation...'
[1;34m[INFO][0m Running toy data generation...
+ python toy_data_generation.py

=== Generating dataset for 3 particles per event ===
  File 0 written to /projects/hep/fs10/shared/nnbar/bmeirose/Billys_GGN/GGN_scripts/large_training_data/particles_3 (accepted 5000 events)
  File 1 written to /projects/hep/fs10/shared/nnbar/bmeirose/Billys_GGN/GGN_scripts/large_training_data/particles_3 (accepted 5000 events)
  File 2 written to /projects/hep/fs10/shared/nnbar/bmeirose/Billys_GGN/GGN_scripts/large_training_data/particles_3 (accepted 5000 events)
  File 3 written to /projects/hep/fs10/shared/nnbar/bmeirose/Billys_GGN/GGN_scripts/large_training_data/particles_3 (accepted 5000 events)
  File 4 written to /projects/hep/fs10/shared/nnbar/bmeirose/Billys_GGN/GGN_scripts/large_training_data/particles_3 (accepted 5000 events)
  File 5 written to /projects/hep/fs10/shared/nnbar/bmeirose/Billys_GGN/GGN_scripts/large_training_data/particles_3 (accepted 5000 events)
  File 6 written to /projects/hep/fs10/shared/nnbar/bmeirose/Billys_GGN/GGN_scripts/large_training_data/particles_3 (accepted 5000 events)
  File 7 written to /projects/hep/fs10/shared/nnbar/bmeirose/Billys_GGN/GGN_scripts/large_training_data/particles_3 (accepted 5000 events)
  File 8 written to /projects/hep/fs10/shared/nnbar/bmeirose/Billys_GGN/GGN_scripts/large_training_data/particles_3 (accepted 5000 events)
  File 9 written to /projects/hep/fs10/shared/nnbar/bmeirose/Billys_GGN/GGN_scripts/large_training_data/particles_3 (accepted 5000 events)
  File 10 written to /projects/hep/fs10/shared/nnbar/bmeirose/Billys_GGN/GGN_scripts/large_training_data/particles_3 (accepted 5000 events)
  File 11 written to /projects/hep/fs10/shared/nnbar/bmeirose/Billys_GGN/GGN_scripts/large_training_data/particles_3 (accepted 5000 events)
  File 12 written to /projects/hep/fs10/shared/nnbar/bmeirose/Billys_GGN/GGN_scripts/large_training_data/particles_3 (accepted 5000 events)
  File 13 written to /projects/hep/fs10/shared/nnbar/bmeirose/Billys_GGN/GGN_scripts/large_training_data/particles_3 (accepted 5000 events)
  File 14 written to /projects/hep/fs10/shared/nnbar/bmeirose/Billys_GGN/GGN_scripts/large_training_data/particles_3 (accepted 5000 events)
  File 15 written to /projects/hep/fs10/shared/nnbar/bmeirose/Billys_GGN/GGN_scripts/large_training_data/particles_3 (accepted 5000 events)
  File 16 written to /projects/hep/fs10/shared/nnbar/bmeirose/Billys_GGN/GGN_scripts/large_training_data/particles_3 (accepted 5000 events)
  File 17 written to /projects/hep/fs10/shared/nnbar/bmeirose/Billys_GGN/GGN_scripts/large_training_data/particles_3 (accepted 5000 events)
  File 18 written to /projects/hep/fs10/shared/nnbar/bmeirose/Billys_GGN/GGN_scripts/large_training_data/particles_3 (accepted 5000 events)
  File 19 written to /projects/hep/fs10/shared/nnbar/bmeirose/Billys_GGN/GGN_scripts/large_training_data/particles_3 (accepted 5000 events)
  File 20 written to /projects/hep/fs10/shared/nnbar/bmeirose/Billys_GGN/GGN_scripts/large_training_data/particles_3 (accepted 5000 events)
  File 21 written to /projects/hep/fs10/shared/nnbar/bmeirose/Billys_GGN/GGN_scripts/large_training_data/particles_3 (accepted 5000 events)
  File 22 written to /projects/hep/fs10/shared/nnbar/bmeirose/Billys_GGN/GGN_scripts/large_training_data/particles_3 (accepted 5000 events)
  File 23 written to /projects/hep/fs10/shared/nnbar/bmeirose/Billys_GGN/GGN_scripts/large_training_data/particles_3 (accepted 5000 events)
  File 24 written to /projects/hep/fs10/shared/nnbar/bmeirose/Billys_GGN/GGN_scripts/large_training_data/particles_3 (accepted 5000 events)
  File 25 written to /projects/hep/fs10/shared/nnbar/bmeirose/Billys_GGN/GGN_scripts/large_training_data/particles_3 (accepted 5000 events)
  File 26 written to /projects/hep/fs10/shared/nnbar/bmeirose/Billys_GGN/GGN_scripts/large_training_data/particles_3 (accepted 5000 events)
  File 27 written to /projects/hep/fs10/shared/nnbar/bmeirose/Billys_GGN/GGN_scripts/large_training_data/particles_3 (accepted 5000 events)
  File 28 written to /projects/hep/fs10/shared/nnbar/bmeirose/Billys_GGN/GGN_scripts/large_training_data/particles_3 (accepted 5000 events)
  File 29 written to /projects/hep/fs10/shared/nnbar/bmeirose/Billys_GGN/GGN_scripts/large_training_data/particles_3 (accepted 5000 events)
  File 30 written to /projects/hep/fs10/shared/nnbar/bmeirose/Billys_GGN/GGN_scripts/large_training_data/particles_3 (accepted 5000 events)
  File 31 written to /projects/hep/fs10/shared/nnbar/bmeirose/Billys_GGN/GGN_scripts/large_training_data/particles_3 (accepted 5000 events)
  File 32 written to /projects/hep/fs10/shared/nnbar/bmeirose/Billys_GGN/GGN_scripts/large_training_data/particles_3 (accepted 5000 events)
  File 33 written to /projects/hep/fs10/shared/nnbar/bmeirose/Billys_GGN/GGN_scripts/large_training_data/particles_3 (accepted 5000 events)
  File 34 written to /projects/hep/fs10/shared/nnbar/bmeirose/Billys_GGN/GGN_scripts/large_training_data/particles_3 (accepted 5000 events)
  File 35 written to /projects/hep/fs10/shared/nnbar/bmeirose/Billys_GGN/GGN_scripts/large_training_data/particles_3 (accepted 5000 events)
  File 36 written to /projects/hep/fs10/shared/nnbar/bmeirose/Billys_GGN/GGN_scripts/large_training_data/particles_3 (accepted 5000 events)
  File 37 written to /projects/hep/fs10/shared/nnbar/bmeirose/Billys_GGN/GGN_scripts/large_training_data/particles_3 (accepted 5000 events)
  File 38 written to /projects/hep/fs10/shared/nnbar/bmeirose/Billys_GGN/GGN_scripts/large_training_data/particles_3 (accepted 5000 events)
  File 39 written to /projects/hep/fs10/shared/nnbar/bmeirose/Billys_GGN/GGN_scripts/large_training_data/particles_3 (accepted 5000 events)
  File 40 written to /projects/hep/fs10/shared/nnbar/bmeirose/Billys_GGN/GGN_scripts/large_training_data/particles_3 (accepted 5000 events)
  File 41 written to /projects/hep/fs10/shared/nnbar/bmeirose/Billys_GGN/GGN_scripts/large_training_data/particles_3 (accepted 5000 events)
  File 42 written to /projects/hep/fs10/shared/nnbar/bmeirose/Billys_GGN/GGN_scripts/large_training_data/particles_3 (accepted 5000 events)
  File 43 written to /projects/hep/fs10/shared/nnbar/bmeirose/Billys_GGN/GGN_scripts/large_training_data/particles_3 (accepted 5000 events)
  File 44 written to /projects/hep/fs10/shared/nnbar/bmeirose/Billys_GGN/GGN_scripts/large_training_data/particles_3 (accepted 5000 events)
  File 45 written to /projects/hep/fs10/shared/nnbar/bmeirose/Billys_GGN/GGN_scripts/large_training_data/particles_3 (accepted 5000 events)
  File 46 written to /projects/hep/fs10/shared/nnbar/bmeirose/Billys_GGN/GGN_scripts/large_training_data/particles_3 (accepted 5000 events)
  File 47 written to /projects/hep/fs10/shared/nnbar/bmeirose/Billys_GGN/GGN_scripts/large_training_data/particles_3 (accepted 5000 events)
  File 48 written to /projects/hep/fs10/shared/nnbar/bmeirose/Billys_GGN/GGN_scripts/large_training_data/particles_3 (accepted 5000 events)
  File 49 written to /projects/hep/fs10/shared/nnbar/bmeirose/Billys_GGN/GGN_scripts/large_training_data/particles_3 (accepted 5000 events)

=== Generating validation dataset for 3 particles/event ===
  File 0 written to /projects/hep/fs10/shared/nnbar/bmeirose/Billys_GGN/GGN_scripts/large_validation_data/vertex_random/particles_3 (accepted 500 events)
  File 1 written to /projects/hep/fs10/shared/nnbar/bmeirose/Billys_GGN/GGN_scripts/large_validation_data/vertex_random/particles_3 (accepted 500 events)
  File 2 written to /projects/hep/fs10/shared/nnbar/bmeirose/Billys_GGN/GGN_scripts/large_validation_data/vertex_random/particles_3 (accepted 500 events)
  File 3 written to /projects/hep/fs10/shared/nnbar/bmeirose/Billys_GGN/GGN_scripts/large_validation_data/vertex_random/particles_3 (accepted 500 events)
  File 4 written to /projects/hep/fs10/shared/nnbar/bmeirose/Billys_GGN/GGN_scripts/large_validation_data/vertex_random/particles_3 (accepted 500 events)
  File 5 written to /projects/hep/fs10/shared/nnbar/bmeirose/Billys_GGN/GGN_scripts/large_validation_data/vertex_random/particles_3 (accepted 500 events)
  File 6 written to /projects/hep/fs10/shared/nnbar/bmeirose/Billys_GGN/GGN_scripts/large_validation_data/vertex_random/particles_3 (accepted 500 events)
  File 7 written to /projects/hep/fs10/shared/nnbar/bmeirose/Billys_GGN/GGN_scripts/large_validation_data/vertex_random/particles_3 (accepted 500 events)
  File 8 written to /projects/hep/fs10/shared/nnbar/bmeirose/Billys_GGN/GGN_scripts/large_validation_data/vertex_random/particles_3 (accepted 500 events)
  File 9 written to /projects/hep/fs10/shared/nnbar/bmeirose/Billys_GGN/GGN_scripts/large_validation_data/vertex_random/particles_3 (accepted 500 events)
  File 10 written to /projects/hep/fs10/shared/nnbar/bmeirose/Billys_GGN/GGN_scripts/large_validation_data/vertex_random/particles_3 (accepted 500 events)
  File 11 written to /projects/hep/fs10/shared/nnbar/bmeirose/Billys_GGN/GGN_scripts/large_validation_data/vertex_random/particles_3 (accepted 500 events)
  File 12 written to /projects/hep/fs10/shared/nnbar/bmeirose/Billys_GGN/GGN_scripts/large_validation_data/vertex_random/particles_3 (accepted 500 events)
  File 13 written to /projects/hep/fs10/shared/nnbar/bmeirose/Billys_GGN/GGN_scripts/large_validation_data/vertex_random/particles_3 (accepted 500 events)
  File 14 written to /projects/hep/fs10/shared/nnbar/bmeirose/Billys_GGN/GGN_scripts/large_validation_data/vertex_random/particles_3 (accepted 500 events)
  File 15 written to /projects/hep/fs10/shared/nnbar/bmeirose/Billys_GGN/GGN_scripts/large_validation_data/vertex_random/particles_3 (accepted 500 events)
  File 16 written to /projects/hep/fs10/shared/nnbar/bmeirose/Billys_GGN/GGN_scripts/large_validation_data/vertex_random/particles_3 (accepted 500 events)
  File 17 written to /projects/hep/fs10/shared/nnbar/bmeirose/Billys_GGN/GGN_scripts/large_validation_data/vertex_random/particles_3 (accepted 500 events)
  File 18 written to /projects/hep/fs10/shared/nnbar/bmeirose/Billys_GGN/GGN_scripts/large_validation_data/vertex_random/particles_3 (accepted 500 events)
  File 19 written to /projects/hep/fs10/shared/nnbar/bmeirose/Billys_GGN/GGN_scripts/large_validation_data/vertex_random/particles_3 (accepted 500 events)
  File 20 written to /projects/hep/fs10/shared/nnbar/bmeirose/Billys_GGN/GGN_scripts/large_validation_data/vertex_random/particles_3 (accepted 500 events)
  File 21 written to /projects/hep/fs10/shared/nnbar/bmeirose/Billys_GGN/GGN_scripts/large_validation_data/vertex_random/particles_3 (accepted 500 events)
  File 22 written to /projects/hep/fs10/shared/nnbar/bmeirose/Billys_GGN/GGN_scripts/large_validation_data/vertex_random/particles_3 (accepted 500 events)
  File 23 written to /projects/hep/fs10/shared/nnbar/bmeirose/Billys_GGN/GGN_scripts/large_validation_data/vertex_random/particles_3 (accepted 500 events)
  File 24 written to /projects/hep/fs10/shared/nnbar/bmeirose/Billys_GGN/GGN_scripts/large_validation_data/vertex_random/particles_3 (accepted 500 events)
  File 25 written to /projects/hep/fs10/shared/nnbar/bmeirose/Billys_GGN/GGN_scripts/large_validation_data/vertex_random/particles_3 (accepted 500 events)
  File 26 written to /projects/hep/fs10/shared/nnbar/bmeirose/Billys_GGN/GGN_scripts/large_validation_data/vertex_random/particles_3 (accepted 500 events)
  File 27 written to /projects/hep/fs10/shared/nnbar/bmeirose/Billys_GGN/GGN_scripts/large_validation_data/vertex_random/particles_3 (accepted 500 events)
  File 28 written to /projects/hep/fs10/shared/nnbar/bmeirose/Billys_GGN/GGN_scripts/large_validation_data/vertex_random/particles_3 (accepted 500 events)
  File 29 written to /projects/hep/fs10/shared/nnbar/bmeirose/Billys_GGN/GGN_scripts/large_validation_data/vertex_random/particles_3 (accepted 500 events)
  File 30 written to /projects/hep/fs10/shared/nnbar/bmeirose/Billys_GGN/GGN_scripts/large_validation_data/vertex_random/particles_3 (accepted 500 events)
  File 31 written to /projects/hep/fs10/shared/nnbar/bmeirose/Billys_GGN/GGN_scripts/large_validation_data/vertex_random/particles_3 (accepted 500 events)
  File 32 written to /projects/hep/fs10/shared/nnbar/bmeirose/Billys_GGN/GGN_scripts/large_validation_data/vertex_random/particles_3 (accepted 500 events)
  File 33 written to /projects/hep/fs10/shared/nnbar/bmeirose/Billys_GGN/GGN_scripts/large_validation_data/vertex_random/particles_3 (accepted 500 events)
  File 34 written to /projects/hep/fs10/shared/nnbar/bmeirose/Billys_GGN/GGN_scripts/large_validation_data/vertex_random/particles_3 (accepted 500 events)
  File 35 written to /projects/hep/fs10/shared/nnbar/bmeirose/Billys_GGN/GGN_scripts/large_validation_data/vertex_random/particles_3 (accepted 500 events)
  File 36 written to /projects/hep/fs10/shared/nnbar/bmeirose/Billys_GGN/GGN_scripts/large_validation_data/vertex_random/particles_3 (accepted 500 events)
  File 37 written to /projects/hep/fs10/shared/nnbar/bmeirose/Billys_GGN/GGN_scripts/large_validation_data/vertex_random/particles_3 (accepted 500 events)
  File 38 written to /projects/hep/fs10/shared/nnbar/bmeirose/Billys_GGN/GGN_scripts/large_validation_data/vertex_random/particles_3 (accepted 500 events)
  File 39 written to /projects/hep/fs10/shared/nnbar/bmeirose/Billys_GGN/GGN_scripts/large_validation_data/vertex_random/particles_3 (accepted 500 events)
  File 40 written to /projects/hep/fs10/shared/nnbar/bmeirose/Billys_GGN/GGN_scripts/large_validation_data/vertex_random/particles_3 (accepted 500 events)
  File 41 written to /projects/hep/fs10/shared/nnbar/bmeirose/Billys_GGN/GGN_scripts/large_validation_data/vertex_random/particles_3 (accepted 500 events)
  File 42 written to /projects/hep/fs10/shared/nnbar/bmeirose/Billys_GGN/GGN_scripts/large_validation_data/vertex_random/particles_3 (accepted 500 events)
  File 43 written to /projects/hep/fs10/shared/nnbar/bmeirose/Billys_GGN/GGN_scripts/large_validation_data/vertex_random/particles_3 (accepted 500 events)
  File 44 written to /projects/hep/fs10/shared/nnbar/bmeirose/Billys_GGN/GGN_scripts/large_validation_data/vertex_random/particles_3 (accepted 500 events)
  File 45 written to /projects/hep/fs10/shared/nnbar/bmeirose/Billys_GGN/GGN_scripts/large_validation_data/vertex_random/particles_3 (accepted 500 events)
  File 46 written to /projects/hep/fs10/shared/nnbar/bmeirose/Billys_GGN/GGN_scripts/large_validation_data/vertex_random/particles_3 (accepted 500 events)
  File 47 written to /projects/hep/fs10/shared/nnbar/bmeirose/Billys_GGN/GGN_scripts/large_validation_data/vertex_random/particles_3 (accepted 500 events)
  File 48 written to /projects/hep/fs10/shared/nnbar/bmeirose/Billys_GGN/GGN_scripts/large_validation_data/vertex_random/particles_3 (accepted 500 events)
  File 49 written to /projects/hep/fs10/shared/nnbar/bmeirose/Billys_GGN/GGN_scripts/large_validation_data/vertex_random/particles_3 (accepted 500 events)

All validation datasets generated.

=== Smearing dataset: particles_3 ===
  -> Writing res_0cm to /projects/hep/fs10/shared/nnbar/bmeirose/Billys_GGN/GGN_scripts/large_training_data_smeared/particles_3/res_0cm

All smearing tasks complete.

=== Smearing dataset: particles_3 ===
  -> Writing res_0cm to /projects/hep/fs10/shared/nnbar/bmeirose/Billys_GGN/GGN_scripts/large_validation_data_smeared/vertex_random/particles_3/res_0cm

All smearing tasks complete.
+ log 'Running HIBEAM GNN...'
+ printf '\033[1;34m[INFO]\033[0m %s\n' 'Running HIBEAM GNN...'
[1;34m[INFO][0m Running HIBEAM GNN...
+ python HIBEAM_GNN_v1.py
[1;34mgraphnet[0m [MainProcess] [33mWARNING [0m 2025-09-14 20:08:13 - has_icecube_package - `icecube` not available. Some functionality may be missing.[0m
[1;34mgraphnet[0m [MainProcess] [33mWARNING [0m 2025-09-14 20:08:16 - has_jammy_flows_package - `jammy_flows` not available. Normalizing Flow functionality is missing.[0m
[1;34mgraphnet[0m [MainProcess] [33mWARNING [0m 2025-09-14 20:08:16 - <module> - `graphnet.models.graphs` will be depricated soon. All functionality has been moved to `graphnet.models.data_representation`.[0m
[1;34mgraphnet[0m [MainProcess] [32mINFO    [0m 2025-09-14 20:08:16 - HIBEAM_Detector.__init__ - Writing log to [1mlogs/graphnet_20250914-200816.log[0m
Traceback (most recent call last):
  File "/projects/hep/fs10/shared/nnbar/bmeirose/Billys_GGN/GGN_scripts/HIBEAM_GNN_v1.py", line 33, in <module>
    from IPython.display import clear_output
  File "/home/bmeirose42/.local/lib/python3.9/site-packages/IPython/__init__.py", line 53, in <module>
    from .core.application import Application
  File "/home/bmeirose42/.local/lib/python3.9/site-packages/IPython/core/application.py", line 26, in <module>
    from IPython.core import release, crashhandler
  File "/home/bmeirose42/.local/lib/python3.9/site-packages/IPython/core/crashhandler.py", line 27, in <module>
    from IPython.core import ultratb
  File "/home/bmeirose42/.local/lib/python3.9/site-packages/IPython/core/ultratb.py", line 115, in <module>
    from IPython.utils import path as util_path
  File "/home/bmeirose42/.local/lib/python3.9/site-packages/IPython/utils/path.py", line 16, in <module>
    from IPython.utils.process import system
  File "/home/bmeirose42/.local/lib/python3.9/site-packages/IPython/utils/process.py", line 19, in <module>
    from ._process_posix import system, getoutput, arg_split, check_pid
  File "/home/bmeirose42/.local/lib/python3.9/site-packages/IPython/utils/_process_posix.py", line 23, in <module>
    import pexpect
ModuleNotFoundError: No module named 'pexpect'
+ error 'HIBEAM GNN failed'
+ printf '\033[1;31m[ERROR]\033[0m %s\n' 'HIBEAM GNN failed'
[1;31m[ERROR][0m HIBEAM GNN failed
+ exit 1
